<?xml version="1.0" encoding="UTF-8"?>
<testng-results skipped="0" failed="0" ignored="0" total="1" passed="1">
  <reporter-output>
  </reporter-output>
  <suite name="Default suite" duration-ms="175" started-at="2020-03-07T10:49:10Z" finished-at="2020-03-07T10:49:11Z">
    <groups>
    </groups>
    <test name="Default test" duration-ms="175" started-at="2020-03-07T10:49:10Z" finished-at="2020-03-07T10:49:11Z">
      <class name="org.demo.JSONWrite">
        <test-method status="PASS" signature="test()[pri:0, instance:org.demo.JSONWrite@6d00a15d]" name="test" duration-ms="133" started-at="2020-03-07T10:49:11Z" finished-at="2020-03-07T10:49:11Z">
          <reporter-output>
          </reporter-output>
        </test-method> <!-- test -->
      </class> <!-- org.demo.JSONWrite -->
    </test> <!-- Default test -->
  </suite> <!-- Default suite -->
</testng-results>
